<?xml version="1.0" encoding="UTF-8"?>
<testng-results ignored="0" total="5" passed="5" failed="0" skipped="0">
  <reporter-output>
  </reporter-output>
  <suite started-at="2022-07-20T11:00:15 IST" name="Default suite" finished-at="2022-07-20T11:03:19 IST" duration-ms="184056">
    <groups>
    </groups>
    <test started-at="2022-07-20T11:00:15 IST" name="Default test" finished-at="2022-07-20T11:03:19 IST" duration-ms="184056">
      <class name="loginScenario.verifyLoginScenario">
        <test-method is-config="true" signature="beforeEveryTest()[pri:0, instance:loginScenario.verifyLoginScenario@4c1909a3]" started-at="2022-07-20T11:00:15 IST" name="beforeEveryTest" finished-at="2022-07-20T11:01:53 IST" duration-ms="97237" status="PASS">
          <reporter-output>
          </reporter-output>
        </test-method> <!-- beforeEveryTest -->
        <test-method signature="verifyEmptyCrdential()[pri:0, instance:loginScenario.verifyLoginScenario@4c1909a3]" started-at="2022-07-20T11:01:53 IST" name="verifyEmptyCrdential" finished-at="2022-07-20T11:02:00 IST" duration-ms="7320" status="PASS">
          <reporter-output>
          </reporter-output>
        </test-method> <!-- verifyEmptyCrdential -->
        <test-method is-config="true" signature="afterEveryTest()[pri:0, instance:loginScenario.verifyLoginScenario@4c1909a3]" started-at="2022-07-20T11:02:00 IST" name="afterEveryTest" finished-at="2022-07-20T11:02:01 IST" duration-ms="1008" status="PASS">
          <reporter-output>
          </reporter-output>
        </test-method> <!-- afterEveryTest -->
        <test-method is-config="true" signature="beforeEveryTest()[pri:0, instance:loginScenario.verifyLoginScenario@4c1909a3]" started-at="2022-07-20T11:02:01 IST" name="beforeEveryTest" finished-at="2022-07-20T11:02:11 IST" duration-ms="10354" status="PASS">
          <reporter-output>
          </reporter-output>
        </test-method> <!-- beforeEveryTest -->
        <test-method signature="verifyFortgotPassword()[pri:0, instance:loginScenario.verifyLoginScenario@4c1909a3]" started-at="2022-07-20T11:02:11 IST" name="verifyFortgotPassword" finished-at="2022-07-20T11:02:12 IST" duration-ms="1088" status="PASS">
          <reporter-output>
          </reporter-output>
        </test-method> <!-- verifyFortgotPassword -->
        <test-method is-config="true" signature="afterEveryTest()[pri:0, instance:loginScenario.verifyLoginScenario@4c1909a3]" started-at="2022-07-20T11:02:13 IST" name="afterEveryTest" finished-at="2022-07-20T11:02:13 IST" duration-ms="941" status="PASS">
          <reporter-output>
          </reporter-output>
        </test-method> <!-- afterEveryTest -->
        <test-method is-config="true" signature="beforeEveryTest()[pri:0, instance:loginScenario.verifyLoginScenario@4c1909a3]" started-at="2022-07-20T11:02:13 IST" name="beforeEveryTest" finished-at="2022-07-20T11:02:26 IST" duration-ms="12253" status="PASS">
          <reporter-output>
          </reporter-output>
        </test-method> <!-- beforeEveryTest -->
        <test-method signature="verifyLogout()[pri:0, instance:loginScenario.verifyLoginScenario@4c1909a3]" started-at="2022-07-20T11:02:26 IST" name="verifyLogout" finished-at="2022-07-20T11:02:37 IST" duration-ms="11100" status="PASS">
          <reporter-output>
          </reporter-output>
        </test-method> <!-- verifyLogout -->
        <test-method is-config="true" signature="afterEveryTest()[pri:0, instance:loginScenario.verifyLoginScenario@4c1909a3]" started-at="2022-07-20T11:02:37 IST" name="afterEveryTest" finished-at="2022-07-20T11:02:38 IST" duration-ms="905" status="PASS">
          <reporter-output>
          </reporter-output>
        </test-method> <!-- afterEveryTest -->
        <test-method is-config="true" signature="beforeEveryTest()[pri:0, instance:loginScenario.verifyLoginScenario@4c1909a3]" started-at="2022-07-20T11:02:38 IST" name="beforeEveryTest" finished-at="2022-07-20T11:02:49 IST" duration-ms="11755" status="PASS">
          <reporter-output>
          </reporter-output>
        </test-method> <!-- beforeEveryTest -->
        <test-method signature="verifySuccessfulLogin()[pri:0, instance:loginScenario.verifyLoginScenario@4c1909a3]" started-at="2022-07-20T11:02:49 IST" name="verifySuccessfulLogin" finished-at="2022-07-20T11:02:55 IST" duration-ms="5304" status="PASS">
          <reporter-output>
          </reporter-output>
        </test-method> <!-- verifySuccessfulLogin -->
        <test-method is-config="true" signature="afterEveryTest()[pri:0, instance:loginScenario.verifyLoginScenario@4c1909a3]" started-at="2022-07-20T11:02:55 IST" name="afterEveryTest" finished-at="2022-07-20T11:02:56 IST" duration-ms="882" status="PASS">
          <reporter-output>
          </reporter-output>
        </test-method> <!-- afterEveryTest -->
        <test-method is-config="true" signature="beforeEveryTest()[pri:0, instance:loginScenario.verifyLoginScenario@4c1909a3]" started-at="2022-07-20T11:02:56 IST" name="beforeEveryTest" finished-at="2022-07-20T11:03:17 IST" duration-ms="21199" status="PASS">
          <reporter-output>
          </reporter-output>
        </test-method> <!-- beforeEveryTest -->
        <test-method signature="verifyWrongUsernameAndPassword()[pri:0, instance:loginScenario.verifyLoginScenario@4c1909a3]" started-at="2022-07-20T11:03:17 IST" name="verifyWrongUsernameAndPassword" finished-at="2022-07-20T11:03:19 IST" duration-ms="1677" status="PASS">
          <reporter-output>
          </reporter-output>
        </test-method> <!-- verifyWrongUsernameAndPassword -->
        <test-method is-config="true" signature="afterEveryTest()[pri:0, instance:loginScenario.verifyLoginScenario@4c1909a3]" started-at="2022-07-20T11:03:19 IST" name="afterEveryTest" finished-at="2022-07-20T11:03:19 IST" duration-ms="915" status="PASS">
          <reporter-output>
          </reporter-output>
        </test-method> <!-- afterEveryTest -->
      </class> <!-- loginScenario.verifyLoginScenario -->
    </test> <!-- Default test -->
  </suite> <!-- Default suite -->
</testng-results>
