<?xml version="1.0" encoding="UTF-8"?>
<!-- Generated by org.testng.reporters.JUnitXMLReporter -->
<testsuite ignored="0" hostname="Prashant" failures="0" tests="5" name="Default test" time="184.056" errors="0" timestamp="2022-07-20T11:03:19 IST">
  <testcase classname="loginScenario.verifyLoginScenario" name="verifyEmptyCrdential" time="7.32"/>
  <testcase classname="loginScenario.verifyLoginScenario" name="verifyFortgotPassword" time="1.088"/>
  <testcase classname="loginScenario.verifyLoginScenario" name="verifyLogout" time="11.1"/>
  <testcase classname="loginScenario.verifyLoginScenario" name="verifySuccessfulLogin" time="5.304"/>
  <testcase classname="loginScenario.verifyLoginScenario" name="verifyWrongUsernameAndPassword" time="1.677"/>
</testsuite> <!-- Default test -->
