<?xml version="1.0" encoding="UTF-8"?>
<!-- Generated by org.testng.reporters.JUnitXMLReporter -->
<testsuite ignored="0" hostname="Prashant" failures="0" tests="3" name="Default test" time="41.721" errors="0" timestamp="2022-07-20T10:38:35 IST">
  <testcase classname="paraBankApplication.TransferFundsScenarios" name="defaultAccountsTransferFunds" time="3.979"/>
  <testcase classname="paraBankApplication.TransferFundsScenarios" name="emptyAmountTransfer" time="3.924"/>
  <testcase classname="paraBankApplication.TransferFundsScenarios" name="intraTransferFund" time="4.159"/>
</testsuite> <!-- Default test -->
