<?xml version="1.0" encoding="UTF-8"?>
<!-- Generated by org.testng.reporters.JUnitXMLReporter -->
<testsuite ignored="0" hostname="Prashant" failures="0" tests="3" name="Default test" time="46.441" errors="0" timestamp="2022-07-18T22:59:33 IST">
  <testcase classname="paraBankApplication.TransferFundsScenarios" name="defaultAccountsTransferFunds" time="3.971"/>
  <testcase classname="paraBankApplication.TransferFundsScenarios" name="emptyAmountTransfer" time="4.076"/>
  <testcase classname="paraBankApplication.TransferFundsScenarios" name="intraTransferFund" time="4.076"/>
</testsuite> <!-- Default test -->
