<?xml version="1.0" encoding="UTF-8"?>
<testng-results ignored="0" total="1" passed="1" failed="0" skipped="0">
  <reporter-output>
  </reporter-output>
  <suite started-at="2022-07-28T22:09:33 IST" name="Default suite" finished-at="2022-07-28T22:09:54 IST" duration-ms="20668">
    <groups>
    </groups>
    <test started-at="2022-07-28T22:09:33 IST" name="Default test" finished-at="2022-07-28T22:09:54 IST" duration-ms="20668">
      <class name="testPackage.TransferFundsScenarios">
        <test-method is-config="true" signature="beforeEveryTest()[pri:0, instance:testPackage.TransferFundsScenarios@55634720]" started-at="2022-07-28T22:09:33 IST" name="beforeEveryTest" finished-at="2022-07-28T22:09:42 IST" duration-ms="8365" status="PASS">
          <reporter-output>
          </reporter-output>
        </test-method> <!-- beforeEveryTest -->
        <test-method signature="emptyAmountTransfer()[pri:0, instance:testPackage.TransferFundsScenarios@55634720]" started-at="2022-07-28T22:09:42 IST" name="emptyAmountTransfer" finished-at="2022-07-28T22:09:53 IST" duration-ms="11214" status="PASS">
          <reporter-output>
          </reporter-output>
        </test-method> <!-- emptyAmountTransfer -->
        <test-method is-config="true" signature="afterEveryTest()[pri:0, instance:testPackage.TransferFundsScenarios@55634720]" started-at="2022-07-28T22:09:53 IST" name="afterEveryTest" finished-at="2022-07-28T22:09:54 IST" duration-ms="1008" status="PASS">
          <reporter-output>
          </reporter-output>
        </test-method> <!-- afterEveryTest -->
      </class> <!-- testPackage.TransferFundsScenarios -->
    </test> <!-- Default test -->
  </suite> <!-- Default suite -->
</testng-results>
